<?xml version="1.0" encoding="UTF-8"?>
<!-- Generated by org.testng.reporters.JUnitReportReporter -->
<testsuite hostname="gargi-PC" name="com.webtek.testcases.SanityTest" tests="3" failures="0" timestamp="19 Jun 2015 21:35:00 GMT" time="39.157" errors="0">
  <testcase name="PurchaseAfterLogin" time="22.714" classname="com.webtek.testcases.SanityTest"/>
  <testcase name="UserSignUp" time="16.208" classname="com.webtek.testcases.SanityTest"/>
  <testcase name="userSignOut" time="0.235" classname="com.webtek.testcases.SanityTest"/>
</testsuite> <!-- com.webtek.testcases.SanityTest -->
