<?xml version="1.0" encoding="UTF-8"?>
<!-- Generated by org.testng.reporters.JUnitReportReporter -->
<testsuite hostname="gargi-PC" name="com.webtek.testcases.SanityTest" tests="1" failures="0" timestamp="24 May 2015 10:53:33 GMT" time="0.001" errors="0">
  <testcase name="SignInUser" time="0.001" classname="com.webtek.testcases.SanityTest"/>
</testsuite> <!-- com.webtek.testcases.SanityTest -->
